<?xml version="1.0" encoding="UTF-8"?>
<!-- Generated by org.testng.reporters.JUnitXMLReporter -->
<testsuite ignored="1" hostname="DESKTOP-J45UULF" failures="0" tests="7" name="Test" time="179.622" errors="0" timestamp="2026-02-19T17:43:22 IST">
  <testcase classname="registerTestScenarios.TC005Registration" name="accountregistration" time="6.95"/>
  <testcase classname="registerTestScenarios.TC005Registration" name="accountregistration" time="4.309"/>
  <testcase classname="registerTestScenarios.TC005Registration" name="accountregistration" time="3.826"/>
  <testcase classname="registerTestScenarios.TC005Registration" name="accountregistration" time="4.284"/>
  <testcase classname="registerTestScenarios.TC005Registration" name="accountregistration" time="4.494"/>
  <testcase classname="registerTestScenarios.TC001TC003AndTC006" name="accountregistration" time="3.324"/>
  <testcase classname="registerTestScenarios.TC004" name="accountRegWithOutAnyFields" time="2.44"/>
  <testcase classname="registerTestScenarios.TC008" name="wrongConfirmPassword" time="0.0">
    <ignored/>
  </testcase> <!-- wrongConfirmPassword -->
</testsuite> <!-- Test -->
