<?xml version="1.0" encoding="UTF-8"?>
<!-- Generated by org.testng.reporters.JUnitReportReporter -->
<testsuite hostname="DESKTOP-J45UULF" failures="0" tests="2" name="testCases.RegisterByMandatoryFields" time="3.127" errors="0" timestamp="2026-02-15T22:19:57 IST" skipped="0">
  <testcase classname="testCases.RegisterByMandatoryFields" name="registerMethod" time="2.631"/>
  <testcase classname="testCases.RegisterByMandatoryFields" name="logOutMethod" time="0.496"/>
</testsuite> <!-- testCases.RegisterByMandatoryFields -->
